\BOOKMARK [1][-]{Doc-Start}{\376\377\000R\000e\000s\000u\000m\000e\000n}{}% 1
\BOOKMARK [1][-]{section.1}{\376\377\000I\000n\000t\000r\000o\000d\000u\000c\000c\000i\000\363\000n}{}% 2
\BOOKMARK [1][-]{section.2}{\376\377\000F\000u\000n\000d\000a\000m\000e\000n\000t\000a\000c\000i\000\363\000n\000\040\000t\000e\000\363\000r\000i\000c\000a}{}% 3
\BOOKMARK [2][-]{subsection.2.1}{\376\377\000M\000o\000v\000i\000m\000i\000e\000n\000t\000o\000\040\000d\000e\000\040\000p\000l\000a\000n\000o\000\040\000g\000e\000n\000e\000r\000a\000l}{section.2}% 4
\BOOKMARK [2][-]{subsection.2.2}{\376\377\000M\000o\000v\000i\000m\000i\000e\000n\000t\000o\000\040\000p\000l\000a\000n\000o\000\040\000d\000e\000\040\000u\000n\000a\000\040\000p\000a\000r\000t\000i\000c\000u\000l\000a\000\040\000r\000e\000l\000a\000t\000i\000v\000a\000\040\000a\000\040\000u\000n\000\040\000s\000i\000s\000t\000e\000m\000a\000\040\000d\000e\000\040\000r\000e\000f\000e\000r\000e\000n\000c\000i\000a\000\040\000e\000n\000\040\000r\000o\000t\000a\000c\000i\000o\000n}{section.2}% 5
\BOOKMARK [2][-]{subsection.2.3}{\376\377\000M\000\351\000t\000o\000d\000o\000\040\000d\000e\000l\000\040\000l\000a\000z\000o\000\040\000v\000e\000c\000t\000o\000r\000i\000a\000l}{section.2}% 6
\BOOKMARK [2][-]{subsection.2.4}{\376\377\000E\000c\000u\000a\000c\000i\000o\000n\000e\000s\000\040\000d\000e\000\040\000m\000o\000v\000i\000m\000i\000e\000n\000t\000o\000\040\000d\000e\000\040\000u\000n\000\040\000c\000u\000e\000r\000p\000o\000\040\000r\000i\000g\000i\000d\000o}{section.2}% 7
\BOOKMARK [1][-]{section.3}{\376\377\000F\000a\000s\000e\000\040\000d\000e\000\040\000D\000i\000s\000e\000\361\000o\000\040\000C\000o\000n\000c\000e\000p\000t\000u\000a\000l}{}% 8
\BOOKMARK [2][-]{subsection.3.1}{\376\377\000F\000a\000s\000e\000\040\000d\000e\000\040\000D\000i\000s\000e\000\361\000o\000\040\000C\000o\000n\000c\000e\000p\000t\000u\000a\000l\000\040\000\050\000v\000e\000r\000s\000i\000\363\000n\000\040\000a\000m\000p\000l\000i\000a\000d\000a\000\040\000c\000o\000n\000\040\000f\000o\000r\000m\000u\000l\000a\000c\000i\000\363\000n\000\040\000c\000i\000n\000e\000m\000\341\000t\000i\000c\000a\000\051}{section.3}% 9
\BOOKMARK [2][-]{subsection.3.2}{\376\377\000M\000o\000d\000e\000l\000o\000\040\000d\000e\000\040\000p\000r\000o\000t\000o\000t\000i\000p\000o\000\040\000i\000n\000i\000c\000i\000a\000l\000\040\000c\000o\000n\000\040\000f\000o\000r\000m\000u\000l\000a\000c\000i\000\363\000n\000\040\000m\000a\000t\000e\000m\000\341\000t\000i\000c\000a}{section.3}% 10
\BOOKMARK [2][-]{subsection.3.3}{\376\377\000C\000o\000n\000s\000i\000d\000e\000r\000a\000c\000i\000o\000n\000e\000s\000\040\000p\000r\000\341\000c\000t\000i\000c\000a\000s\000\040\000y\000\040\000d\000e\000\040\000d\000i\000s\000e\000\361\000o}{section.3}% 11
\BOOKMARK [1][-]{section.4}{\376\377\000m\000o\000d\000e\000l\000o\000\040\000c\000i\000n\000e\000m\000\341\000t\000i\000c\000o}{}% 12
\BOOKMARK [2][-]{subsection.4.1}{\376\377\000R\000e\000l\000a\000c\000i\000\363\000n\000\040\000g\000e\000o\000m\000\351\000t\000r\000i\000c\000a\000\040\000e\000n\000t\000r\000e\000\040\000t\000h\000e\000t\000a\000\040\000y\000\040\000p\000h\000i}{section.4}% 13
\BOOKMARK [2][-]{subsection.4.2}{\376\377\000V\000e\000l\000o\000c\000i\000d\000a\000d\000e\000s\000\040\000a\000n\000g\000u\000l\000a\000r\000e\000s\000\040\000y\000\040\000r\000e\000l\000a\000t\000i\000v\000a\000s}{section.4}% 14
\BOOKMARK [2][-]{subsection.4.3}{\376\377\000A\000c\000e\000l\000e\000r\000a\000c\000i\000o\000n\000e\000s\000\040\000a\000n\000g\000u\000l\000a\000r\000e\000s\000\040\000y\000\040\000r\000e\000l\000a\000t\000i\000v\000a\000s}{section.4}% 15
\BOOKMARK [2][-]{subsection.4.4}{\376\377\000L\000a\000z\000o\000\040\000v\000e\000c\000t\000o\000r\000i\000a\000l\000\040\000d\000e\000l\000\040\000m\000a\000r\000t\000i\000l\000l\000o\000:\000\040\000p\000o\000s\000i\000c\000i\000\363\000n\000,\000\040\000v\000e\000l\000o\000c\000i\000d\000a\000d\000\040\000y\000\040\000a\000c\000e\000l\000e\000r\000a\000c\000i\000\363\000n}{section.4}% 16
\BOOKMARK [3][-]{subsubsection.4.4.1}{\376\377\000R\000e\000s\000u\000l\000t\000a\000d\000o\000\040\000p\000a\000r\000a\000\040\000l\000a\000\040\000v\000e\000l\000o\000c\000i\000d\000a\000d}{subsection.4.4}% 17
\BOOKMARK [3][-]{subsubsection.4.4.2}{\376\377\000A\000c\000e\000l\000e\000r\000a\000c\000i\000\363\000n\000\040\000m\000e\000d\000i\000a\000n\000t\000e\000\040\000l\000a\000z\000o\000\040\000v\000e\000c\000t\000o\000r\000i\000a\000l}{subsection.4.4}% 18
\BOOKMARK [1][-]{section.5}{\376\377\000C\000i\000n\000e\000m\000\341\000t\000i\000c\000a\000\040\000d\000e\000l\000\040\000e\000s\000l\000a\000b\000\363\000n\000\040\000B\000C}{}% 19
\BOOKMARK [2][-]{subsection.5.1}{\376\377\000\301\000n\000g\000u\000l\000o\000\040\000b\000e\000t\000a\000\040\000d\000e\000l\000\040\000e\000s\000l\000a\000b\000\363\000n\000\040\000K}{section.5}% 20
\BOOKMARK [3][-]{subsubsection.5.1.1}{\376\377\000I\000n\000c\000l\000i\000n\000a\000c\000i\000o\000n\000\040\000e\000s\000l\000a\000b\000\363\000n\000\040\000K}{subsection.5.1}% 21
\BOOKMARK [3][-]{subsubsection.5.1.2}{\376\377\000E\000c\000u\000a\000c\000i\000o\000n\000\040\000v\000e\000c\000t\000o\000r\000i\000a\000l\000\040\000d\000e\000\040\000v\000e\000l\000o\000c\000i\000d\000a\000d\000\040\000e\000n\000\040\000e\000l\000\040\000p\000u\000n\000t\000o\000\040\000B}{subsection.5.1}% 22
\BOOKMARK [3][-]{subsubsection.5.1.3}{\376\377\000E\000c\000u\000a\000c\000i\000o\000n\000\040\000v\000e\000c\000t\000o\000r\000i\000a\000l\000\040\000d\000e\000\040\000a\000c\000e\000l\000e\000r\000a\000c\000i\000\363\000n\000\040\000e\000n\000\040\000e\000l\000\040\000p\000u\000n\000t\000o\000\040\000B}{subsection.5.1}% 23
\BOOKMARK [1][-]{section.6}{\376\377\000A\000c\000e\000l\000e\000r\000a\000c\000i\000o\000n\000e\000s\000\040\000c\000e\000n\000t\000r\000o\000i\000d\000a\000l\000e\000s}{}% 24
\BOOKMARK [2][-]{subsection.6.1}{\376\377\000M\000o\000m\000e\000n\000t\000o\000s\000\040\000d\000e\000\040\000i\000n\000e\000r\000c\000i\000a\000\040\000c\000e\000n\000t\000r\000o\000i\000d\000a\000l\000e\000s\000\040\000d\000e\000\040\000l\000o\000s\000\040\000e\000s\000l\000a\000b\000o\000n\000e\000s}{section.6}% 25
\BOOKMARK [1][-]{section.7}{\376\377\000A\000n\000\341\000l\000i\000s\000i\000s\000\040\000c\000i\000n\000\351\000t\000i\000c\000o}{}% 26
\BOOKMARK [2][-]{subsection.7.1}{\376\377\000E\000c\000u\000a\000c\000i\000o\000n\000e\000s\000\040\000d\000e\000\040\000m\000o\000v\000i\000m\000i\000e\000n\000t\000o\000\040\000d\000e\000\040\000n\000e\000w\000t\000o\000n\000\040\000-}{section.7}% 27
\BOOKMARK [2][-]{subsection.7.2}{\376\377\000S\000i\000s\000t\000e\000m\000a\000\040\000r\000e\000d\000u\000c\000i\000d\000o\000\040\000p\000a\000r\000a\000\040\000r\000e\000s\000o\000l\000u\000c\000i\000\363\000n\000\040\000s\000e\000c\000u\000e\000n\000c\000i\000a\000l}{section.7}% 28
\BOOKMARK [2][-]{subsection.7.3}{\376\377\000P\000o\000t\000e\000n\000c\000i\000a\000\040\000y\000\040\000e\000f\000i\000c\000i\000e\000n\000c\000i\000a}{section.7}% 29
\BOOKMARK [1][-]{section.8}{\376\377\000F\000a\000s\000e\000\040\000d\000e\000\040\000D\000i\000s\000e\000\361\000o\000\040\000D\000e\000t\000a\000l\000l\000a\000d\000o}{}% 30
\BOOKMARK [2][-]{subsection.8.1}{\376\377\000O\000b\000j\000e\000t\000i\000v\000o\000\040\000y\000\040\000A\000l\000c\000a\000n\000c\000e}{section.8}% 31
\BOOKMARK [2][-]{subsection.8.2}{\376\377\000M\000e\000t\000o\000d\000o\000l\000o\000g\000\355\000a\000\040\000y\000\040\000E\000n\000t\000r\000e\000g\000a\000b\000l\000e\000s}{section.8}% 32
\BOOKMARK [3][-]{subsubsection.8.2.1}{\376\377\000b\000o\000c\000e\000t\000o\000s}{subsection.8.2}% 33
\BOOKMARK [3][-]{subsubsection.8.2.2}{\376\377\000m\000o\000d\000e\000l\000a\000d\000o\000s}{subsection.8.2}% 34
\BOOKMARK [3][-]{subsubsection.8.2.3}{\376\377\000P\000l\000a\000n\000o\000s}{subsection.8.2}% 35
\BOOKMARK [1][-]{section.9}{\376\377\000A\000n\000\341\000l\000i\000s\000i\000s\000\040\000d\000e\000\040\000C\000o\000n\000s\000t\000r\000u\000c\000c\000i\000\363\000n\000\040\000y\000\040\000P\000r\000u\000e\000b\000a\000s\000\040\000d\000e\000l\000\040\000m\000o\000d\000e\000l\000o}{}% 36
\BOOKMARK [1][-]{section.10}{\376\377\000A\000n\000\341\000l\000i\000s\000i\000s\000\040\000d\000e\000\040\000l\000o\000s\000\040\000r\000e\000s\000u\000l\000t\000a\000d\000o\000s\000\040\000t\000e\000\363\000r\000i\000c\000o\000s}{}% 37
\BOOKMARK [1][-]{section.11}{\376\377\000A\000n\000\341\000l\000i\000s\000i\000s\000\040\000s\000o\000b\000r\000e\000\040\000e\000l\000\040\000f\000u\000n\000c\000i\000o\000n\000a\000m\000i\000e\000n\000t\000o\000\040\000d\000e\000l\000\040\000p\000r\000o\000t\000o\000t\000i\000p\000o}{}% 38
\BOOKMARK [1][-]{section.12}{\376\377\000C\000o\000n\000c\000l\000u\000s\000i\000o\000n\000e\000s\000\040\000y\000\040\000r\000e\000c\000o\000m\000e\000n\000d\000a\000c\000i\000o\000n\000e\000s}{}% 39
\BOOKMARK [1][-]{Item.23}{\376\377\000R\000e\000f\000e\000r\000e\000n\000c\000i\000a\000s}{}% 40
\BOOKMARK [1][-]{section*.25}{\376\377\000A\000n\000e\000x\000o\000s}{}% 41
